<?xml version="1.0" encoding="UTF-8"?>
<robot generator="Robot 4.1.3 (Python 3.7.0 on win32)" generated="20220214 17:31:49.629" rpa="false" schemaversion="2">
<suite id="s1" name="Verify Invalid" source="C:\Users\Harish banakar\Desktop\LT4\robotframework_project\login_suite\verify_invalid.robot">
<test id="s1-t1" name="TC1">
<kw name="Launch Browser" library="common_functionality" type="SETUP">
<kw name="Set Local Variable" library="BuiltIn">
<arg>${driver_path}</arg>
<arg>chromedriver</arg>
<doc>Makes a variable available everywhere within the local scope.</doc>
<msg timestamp="20220214 17:31:49.997" level="INFO">${driver_path} = chromedriver</msg>
<status status="PASS" starttime="20220214 17:31:49.996" endtime="20220214 17:31:49.997"/>
</kw>
<kw name="Open Browser" library="SeleniumLibrary">
<arg>browser=${BROWSER_NAME}</arg>
<arg>executable_path=${EXECDIR}${/}drivers${/}${driver_path}</arg>
<doc>Opens a new browser instance to the optional ``url``.</doc>
<msg timestamp="20220214 17:31:49.999" level="INFO">Opening browser 'chrome' to base url 'None'.</msg>
<status status="PASS" starttime="20220214 17:31:49.998" endtime="20220214 17:31:51.669"/>
</kw>
<kw name="Maximize Browser Window" library="SeleniumLibrary">
<doc>Maximizes current browser window.</doc>
<status status="PASS" starttime="20220214 17:31:51.669" endtime="20220214 17:31:51.832"/>
</kw>
<kw name="Set Selenium Implicit Wait" library="SeleniumLibrary">
<arg>30s</arg>
<doc>Sets the implicit wait value used by Selenium.</doc>
<status status="PASS" starttime="20220214 17:31:51.833" endtime="20220214 17:31:51.835"/>
</kw>
<kw name="Set Screenshot Directory" library="SeleniumLibrary">
<arg>${EXECDIR}${/}screenshot</arg>
<doc>Sets the directory for captured screenshots.</doc>
<status status="PASS" starttime="20220214 17:31:51.836" endtime="20220214 17:31:51.837"/>
</kw>
<kw name="Go To" library="SeleniumLibrary">
<arg>url= ${URL}</arg>
<doc>Navigates the current browser window to the provided ``url``.</doc>
<msg timestamp="20220214 17:31:51.839" level="INFO">Opening url ' https://www.saucedemo.com'</msg>
<status status="PASS" starttime="20220214 17:31:51.838" endtime="20220214 17:31:53.762"/>
</kw>
<status status="PASS" starttime="20220214 17:31:49.995" endtime="20220214 17:31:53.764"/>
</kw>
<kw name="Verify Invalid Credential Template">
<arg>Ram</arg>
<arg>Ram123</arg>
<arg>Epic sadface: Username and password do not match any user in this service</arg>
<kw name="Input Text" library="SeleniumLibrary">
<arg>id=user-name</arg>
<arg>${username}</arg>
<doc>Types the given ``text`` into the text field identified by ``locator``.</doc>
<msg timestamp="20220214 17:31:53.770" level="INFO">Typing text 'Ram' into text field 'id=user-name'.</msg>
<status status="PASS" starttime="20220214 17:31:53.768" endtime="20220214 17:31:53.983"/>
</kw>
<kw name="Input Text" library="SeleniumLibrary">
<arg>id=password</arg>
<arg>${password}</arg>
<doc>Types the given ``text`` into the text field identified by ``locator``.</doc>
<msg timestamp="20220214 17:31:53.984" level="INFO">Typing text 'Ram123' into text field 'id=password'.</msg>
<status status="PASS" starttime="20220214 17:31:53.983" endtime="20220214 17:31:54.192"/>
</kw>
<kw name="Click Login" library="login_page">
<kw name="Click Element" library="SeleniumLibrary">
<arg>${LOGIN_LOCATOR}</arg>
<doc>Click the element identified by ``locator``.</doc>
<msg timestamp="20220214 17:31:54.194" level="INFO">Clicking element 'xpath=//*[@id="login-button"]'.</msg>
<status status="PASS" starttime="20220214 17:31:54.193" endtime="20220214 17:31:54.292"/>
</kw>
<status status="PASS" starttime="20220214 17:31:54.192" endtime="20220214 17:31:54.292"/>
</kw>
<kw name="Element Should Contain" library="SeleniumLibrary">
<arg>xpath=//*[@id="login_button_container"]/div/form/div[3]/h3</arg>
<arg>${expected_error}</arg>
<doc>Verifies that element ``locator`` contains text ``expected``.</doc>
<msg timestamp="20220214 17:31:54.339" level="INFO">Element 'xpath=//*[@id="login_button_container"]/div/form/div[3]/h3' contains text 'Epic sadface: Username and password do not match any user in this service'.</msg>
<status status="PASS" starttime="20220214 17:31:54.292" endtime="20220214 17:31:54.339"/>
</kw>
<status status="PASS" starttime="20220214 17:31:53.765" endtime="20220214 17:31:54.340"/>
</kw>
<kw name="End Browser" library="common_functionality" type="TEARDOWN">
<kw name="Capture Page Screenshot" library="SeleniumLibrary">
<doc>Takes a screenshot of the current page and embeds it into a log file.</doc>
<msg timestamp="20220214 17:31:54.644" level="INFO" html="true">&lt;/td&gt;&lt;/tr&gt;&lt;tr&gt;&lt;td colspan="3"&gt;&lt;a href="screenshot/selenium-screenshot-133.png"&gt;&lt;img src="screenshot/selenium-screenshot-133.png" width="800px"&gt;&lt;/a&gt;</msg>
<status status="PASS" starttime="20220214 17:31:54.341" endtime="20220214 17:31:54.644"/>
</kw>
<kw name="Close Browser" library="SeleniumLibrary">
<doc>Closes the current browser.</doc>
<status status="PASS" starttime="20220214 17:31:54.645" endtime="20220214 17:31:57.094"/>
</kw>
<status status="PASS" starttime="20220214 17:31:54.341" endtime="20220214 17:31:57.095"/>
</kw>
<status status="PASS" starttime="20220214 17:31:49.994" endtime="20220214 17:31:57.096"/>
</test>
<test id="s1-t2" name="TC2">
<kw name="Launch Browser" library="common_functionality" type="SETUP">
<kw name="Set Local Variable" library="BuiltIn">
<arg>${driver_path}</arg>
<arg>chromedriver</arg>
<doc>Makes a variable available everywhere within the local scope.</doc>
<msg timestamp="20220214 17:31:57.115" level="INFO">${driver_path} = chromedriver</msg>
<status status="PASS" starttime="20220214 17:31:57.107" endtime="20220214 17:31:57.115"/>
</kw>
<kw name="Open Browser" library="SeleniumLibrary">
<arg>browser=${BROWSER_NAME}</arg>
<arg>executable_path=${EXECDIR}${/}drivers${/}${driver_path}</arg>
<doc>Opens a new browser instance to the optional ``url``.</doc>
<msg timestamp="20220214 17:31:57.122" level="INFO">Opening browser 'chrome' to base url 'None'.</msg>
<status status="PASS" starttime="20220214 17:31:57.117" endtime="20220214 17:31:58.873"/>
</kw>
<kw name="Maximize Browser Window" library="SeleniumLibrary">
<doc>Maximizes current browser window.</doc>
<status status="PASS" starttime="20220214 17:31:58.873" endtime="20220214 17:31:59.044"/>
</kw>
<kw name="Set Selenium Implicit Wait" library="SeleniumLibrary">
<arg>30s</arg>
<doc>Sets the implicit wait value used by Selenium.</doc>
<status status="PASS" starttime="20220214 17:31:59.044" endtime="20220214 17:31:59.048"/>
</kw>
<kw name="Set Screenshot Directory" library="SeleniumLibrary">
<arg>${EXECDIR}${/}screenshot</arg>
<doc>Sets the directory for captured screenshots.</doc>
<status status="PASS" starttime="20220214 17:31:59.048" endtime="20220214 17:31:59.049"/>
</kw>
<kw name="Go To" library="SeleniumLibrary">
<arg>url= ${URL}</arg>
<doc>Navigates the current browser window to the provided ``url``.</doc>
<msg timestamp="20220214 17:31:59.050" level="INFO">Opening url ' https://www.saucedemo.com'</msg>
<status status="PASS" starttime="20220214 17:31:59.049" endtime="20220214 17:32:01.332"/>
</kw>
<status status="PASS" starttime="20220214 17:31:57.105" endtime="20220214 17:32:01.334"/>
</kw>
<kw name="Verify Invalid Credential Template">
<arg>Radha</arg>
<arg>Radha123</arg>
<arg>Epic sadface: Username and password do not match any user in this service</arg>
<kw name="Input Text" library="SeleniumLibrary">
<arg>id=user-name</arg>
<arg>${username}</arg>
<doc>Types the given ``text`` into the text field identified by ``locator``.</doc>
<msg timestamp="20220214 17:32:01.338" level="INFO">Typing text 'Radha' into text field 'id=user-name'.</msg>
<status status="PASS" starttime="20220214 17:32:01.338" endtime="20220214 17:32:01.566"/>
</kw>
<kw name="Input Text" library="SeleniumLibrary">
<arg>id=password</arg>
<arg>${password}</arg>
<doc>Types the given ``text`` into the text field identified by ``locator``.</doc>
<msg timestamp="20220214 17:32:01.567" level="INFO">Typing text 'Radha123' into text field 'id=password'.</msg>
<status status="PASS" starttime="20220214 17:32:01.566" endtime="20220214 17:32:01.760"/>
</kw>
<kw name="Click Login" library="login_page">
<kw name="Click Element" library="SeleniumLibrary">
<arg>${LOGIN_LOCATOR}</arg>
<doc>Click the element identified by ``locator``.</doc>
<msg timestamp="20220214 17:32:01.762" level="INFO">Clicking element 'xpath=//*[@id="login-button"]'.</msg>
<status status="PASS" starttime="20220214 17:32:01.761" endtime="20220214 17:32:01.877"/>
</kw>
<status status="PASS" starttime="20220214 17:32:01.760" endtime="20220214 17:32:01.878"/>
</kw>
<kw name="Element Should Contain" library="SeleniumLibrary">
<arg>xpath=//*[@id="login_button_container"]/div/form/div[3]/h3</arg>
<arg>${expected_error}</arg>
<doc>Verifies that element ``locator`` contains text ``expected``.</doc>
<msg timestamp="20220214 17:32:01.937" level="INFO">Element 'xpath=//*[@id="login_button_container"]/div/form/div[3]/h3' contains text 'Epic sadface: Username and password do not match any user in this service'.</msg>
<status status="PASS" starttime="20220214 17:32:01.878" endtime="20220214 17:32:01.937"/>
</kw>
<status status="PASS" starttime="20220214 17:32:01.335" endtime="20220214 17:32:01.938"/>
</kw>
<kw name="End Browser" library="common_functionality" type="TEARDOWN">
<kw name="Capture Page Screenshot" library="SeleniumLibrary">
<doc>Takes a screenshot of the current page and embeds it into a log file.</doc>
<msg timestamp="20220214 17:32:02.103" level="INFO" html="true">&lt;/td&gt;&lt;/tr&gt;&lt;tr&gt;&lt;td colspan="3"&gt;&lt;a href="screenshot/selenium-screenshot-134.png"&gt;&lt;img src="screenshot/selenium-screenshot-134.png" width="800px"&gt;&lt;/a&gt;</msg>
<status status="PASS" starttime="20220214 17:32:01.940" endtime="20220214 17:32:02.103"/>
</kw>
<kw name="Close Browser" library="SeleniumLibrary">
<doc>Closes the current browser.</doc>
<status status="PASS" starttime="20220214 17:32:02.103" endtime="20220214 17:32:05.509"/>
</kw>
<status status="PASS" starttime="20220214 17:32:01.939" endtime="20220214 17:32:05.512"/>
</kw>
<status status="PASS" starttime="20220214 17:31:57.103" endtime="20220214 17:32:05.514"/>
</test>
<test id="s1-t3" name="TC3">
<kw name="Launch Browser" library="common_functionality" type="SETUP">
<kw name="Set Local Variable" library="BuiltIn">
<arg>${driver_path}</arg>
<arg>chromedriver</arg>
<doc>Makes a variable available everywhere within the local scope.</doc>
<msg timestamp="20220214 17:32:05.562" level="INFO">${driver_path} = chromedriver</msg>
<status status="PASS" starttime="20220214 17:32:05.543" endtime="20220214 17:32:05.563"/>
</kw>
<kw name="Open Browser" library="SeleniumLibrary">
<arg>browser=${BROWSER_NAME}</arg>
<arg>executable_path=${EXECDIR}${/}drivers${/}${driver_path}</arg>
<doc>Opens a new browser instance to the optional ``url``.</doc>
<msg timestamp="20220214 17:32:05.577" level="INFO">Opening browser 'chrome' to base url 'None'.</msg>
<status status="PASS" starttime="20220214 17:32:05.565" endtime="20220214 17:32:07.364"/>
</kw>
<kw name="Maximize Browser Window" library="SeleniumLibrary">
<doc>Maximizes current browser window.</doc>
<status status="PASS" starttime="20220214 17:32:07.365" endtime="20220214 17:32:07.536"/>
</kw>
<kw name="Set Selenium Implicit Wait" library="SeleniumLibrary">
<arg>30s</arg>
<doc>Sets the implicit wait value used by Selenium.</doc>
<status status="PASS" starttime="20220214 17:32:07.537" endtime="20220214 17:32:07.543"/>
</kw>
<kw name="Set Screenshot Directory" library="SeleniumLibrary">
<arg>${EXECDIR}${/}screenshot</arg>
<doc>Sets the directory for captured screenshots.</doc>
<status status="PASS" starttime="20220214 17:32:07.543" endtime="20220214 17:32:07.545"/>
</kw>
<kw name="Go To" library="SeleniumLibrary">
<arg>url= ${URL}</arg>
<doc>Navigates the current browser window to the provided ``url``.</doc>
<msg timestamp="20220214 17:32:07.547" level="INFO">Opening url ' https://www.saucedemo.com'</msg>
<status status="PASS" starttime="20220214 17:32:07.546" endtime="20220214 17:32:10.305"/>
</kw>
<status status="PASS" starttime="20220214 17:32:05.538" endtime="20220214 17:32:10.306"/>
</kw>
<kw name="Verify Invalid Credential Template">
<arg>${EMPTY}</arg>
<arg>Rahul</arg>
<arg>Epic sadface: Username is required</arg>
<kw name="Input Text" library="SeleniumLibrary">
<arg>id=user-name</arg>
<arg>${username}</arg>
<doc>Types the given ``text`` into the text field identified by ``locator``.</doc>
<msg timestamp="20220214 17:32:10.313" level="INFO">Typing text '' into text field 'id=user-name'.</msg>
<status status="PASS" starttime="20220214 17:32:10.312" endtime="20220214 17:32:10.492"/>
</kw>
<kw name="Input Text" library="SeleniumLibrary">
<arg>id=password</arg>
<arg>${password}</arg>
<doc>Types the given ``text`` into the text field identified by ``locator``.</doc>
<msg timestamp="20220214 17:32:10.493" level="INFO">Typing text 'Rahul' into text field 'id=password'.</msg>
<status status="PASS" starttime="20220214 17:32:10.493" endtime="20220214 17:32:10.682"/>
</kw>
<kw name="Click Login" library="login_page">
<kw name="Click Element" library="SeleniumLibrary">
<arg>${LOGIN_LOCATOR}</arg>
<doc>Click the element identified by ``locator``.</doc>
<msg timestamp="20220214 17:32:10.684" level="INFO">Clicking element 'xpath=//*[@id="login-button"]'.</msg>
<status status="PASS" starttime="20220214 17:32:10.683" endtime="20220214 17:32:10.811"/>
</kw>
<status status="PASS" starttime="20220214 17:32:10.682" endtime="20220214 17:32:10.812"/>
</kw>
<kw name="Element Should Contain" library="SeleniumLibrary">
<arg>xpath=//*[@id="login_button_container"]/div/form/div[3]/h3</arg>
<arg>${expected_error}</arg>
<doc>Verifies that element ``locator`` contains text ``expected``.</doc>
<msg timestamp="20220214 17:32:10.868" level="INFO">Element 'xpath=//*[@id="login_button_container"]/div/form/div[3]/h3' contains text 'Epic sadface: Username is required'.</msg>
<status status="PASS" starttime="20220214 17:32:10.813" endtime="20220214 17:32:10.868"/>
</kw>
<status status="PASS" starttime="20220214 17:32:10.307" endtime="20220214 17:32:10.869"/>
</kw>
<kw name="End Browser" library="common_functionality" type="TEARDOWN">
<kw name="Capture Page Screenshot" library="SeleniumLibrary">
<doc>Takes a screenshot of the current page and embeds it into a log file.</doc>
<msg timestamp="20220214 17:32:11.095" level="INFO" html="true">&lt;/td&gt;&lt;/tr&gt;&lt;tr&gt;&lt;td colspan="3"&gt;&lt;a href="screenshot/selenium-screenshot-135.png"&gt;&lt;img src="screenshot/selenium-screenshot-135.png" width="800px"&gt;&lt;/a&gt;</msg>
<status status="PASS" starttime="20220214 17:32:10.874" endtime="20220214 17:32:11.095"/>
</kw>
<kw name="Close Browser" library="SeleniumLibrary">
<doc>Closes the current browser.</doc>
<status status="PASS" starttime="20220214 17:32:11.096" endtime="20220214 17:32:13.707"/>
</kw>
<status status="PASS" starttime="20220214 17:32:10.872" endtime="20220214 17:32:13.708"/>
</kw>
<status status="PASS" starttime="20220214 17:32:05.531" endtime="20220214 17:32:13.709"/>
</test>
<test id="s1-t4" name="TC4">
<kw name="Launch Browser" library="common_functionality" type="SETUP">
<kw name="Set Local Variable" library="BuiltIn">
<arg>${driver_path}</arg>
<arg>chromedriver</arg>
<doc>Makes a variable available everywhere within the local scope.</doc>
<msg timestamp="20220214 17:32:13.741" level="INFO">${driver_path} = chromedriver</msg>
<status status="PASS" starttime="20220214 17:32:13.730" endtime="20220214 17:32:13.741"/>
</kw>
<kw name="Open Browser" library="SeleniumLibrary">
<arg>browser=${BROWSER_NAME}</arg>
<arg>executable_path=${EXECDIR}${/}drivers${/}${driver_path}</arg>
<doc>Opens a new browser instance to the optional ``url``.</doc>
<msg timestamp="20220214 17:32:13.745" level="INFO">Opening browser 'chrome' to base url 'None'.</msg>
<status status="PASS" starttime="20220214 17:32:13.742" endtime="20220214 17:32:15.363"/>
</kw>
<kw name="Maximize Browser Window" library="SeleniumLibrary">
<doc>Maximizes current browser window.</doc>
<status status="PASS" starttime="20220214 17:32:15.364" endtime="20220214 17:32:15.525"/>
</kw>
<kw name="Set Selenium Implicit Wait" library="SeleniumLibrary">
<arg>30s</arg>
<doc>Sets the implicit wait value used by Selenium.</doc>
<status status="PASS" starttime="20220214 17:32:15.525" endtime="20220214 17:32:15.530"/>
</kw>
<kw name="Set Screenshot Directory" library="SeleniumLibrary">
<arg>${EXECDIR}${/}screenshot</arg>
<doc>Sets the directory for captured screenshots.</doc>
<status status="PASS" starttime="20220214 17:32:15.531" endtime="20220214 17:32:15.533"/>
</kw>
<kw name="Go To" library="SeleniumLibrary">
<arg>url= ${URL}</arg>
<doc>Navigates the current browser window to the provided ``url``.</doc>
<msg timestamp="20220214 17:32:15.534" level="INFO">Opening url ' https://www.saucedemo.com'</msg>
<status status="PASS" starttime="20220214 17:32:15.533" endtime="20220214 17:32:17.611"/>
</kw>
<status status="PASS" starttime="20220214 17:32:13.727" endtime="20220214 17:32:17.612"/>
</kw>
<kw name="Verify Invalid Credential Template">
<arg>Rose</arg>
<arg>${EMPTY}</arg>
<arg>Epic sadface: Password is required</arg>
<kw name="Input Text" library="SeleniumLibrary">
<arg>id=user-name</arg>
<arg>${username}</arg>
<doc>Types the given ``text`` into the text field identified by ``locator``.</doc>
<msg timestamp="20220214 17:32:17.618" level="INFO">Typing text 'Rose' into text field 'id=user-name'.</msg>
<status status="PASS" starttime="20220214 17:32:17.617" endtime="20220214 17:32:17.826"/>
</kw>
<kw name="Input Text" library="SeleniumLibrary">
<arg>id=password</arg>
<arg>${password}</arg>
<doc>Types the given ``text`` into the text field identified by ``locator``.</doc>
<msg timestamp="20220214 17:32:17.828" level="INFO">Typing text '' into text field 'id=password'.</msg>
<status status="PASS" starttime="20220214 17:32:17.827" endtime="20220214 17:32:17.980"/>
</kw>
<kw name="Click Login" library="login_page">
<kw name="Click Element" library="SeleniumLibrary">
<arg>${LOGIN_LOCATOR}</arg>
<doc>Click the element identified by ``locator``.</doc>
<msg timestamp="20220214 17:32:17.981" level="INFO">Clicking element 'xpath=//*[@id="login-button"]'.</msg>
<status status="PASS" starttime="20220214 17:32:17.981" endtime="20220214 17:32:18.103"/>
</kw>
<status status="PASS" starttime="20220214 17:32:17.980" endtime="20220214 17:32:18.104"/>
</kw>
<kw name="Element Should Contain" library="SeleniumLibrary">
<arg>xpath=//*[@id="login_button_container"]/div/form/div[3]/h3</arg>
<arg>${expected_error}</arg>
<doc>Verifies that element ``locator`` contains text ``expected``.</doc>
<msg timestamp="20220214 17:32:18.161" level="INFO">Element 'xpath=//*[@id="login_button_container"]/div/form/div[3]/h3' contains text 'Epic sadface: Password is required'.</msg>
<status status="PASS" starttime="20220214 17:32:18.105" endtime="20220214 17:32:18.161"/>
</kw>
<status status="PASS" starttime="20220214 17:32:17.613" endtime="20220214 17:32:18.161"/>
</kw>
<kw name="End Browser" library="common_functionality" type="TEARDOWN">
<kw name="Capture Page Screenshot" library="SeleniumLibrary">
<doc>Takes a screenshot of the current page and embeds it into a log file.</doc>
<msg timestamp="20220214 17:32:18.340" level="INFO" html="true">&lt;/td&gt;&lt;/tr&gt;&lt;tr&gt;&lt;td colspan="3"&gt;&lt;a href="screenshot/selenium-screenshot-136.png"&gt;&lt;img src="screenshot/selenium-screenshot-136.png" width="800px"&gt;&lt;/a&gt;</msg>
<status status="PASS" starttime="20220214 17:32:18.163" endtime="20220214 17:32:18.340"/>
</kw>
<kw name="Close Browser" library="SeleniumLibrary">
<doc>Closes the current browser.</doc>
<status status="PASS" starttime="20220214 17:32:18.340" endtime="20220214 17:32:20.716"/>
</kw>
<status status="PASS" starttime="20220214 17:32:18.161" endtime="20220214 17:32:20.717"/>
</kw>
<status status="PASS" starttime="20220214 17:32:13.720" endtime="20220214 17:32:20.719"/>
</test>
<doc>This suit file handles all the test case related to the
invalid credentials</doc>
<status status="PASS" starttime="20220214 17:31:49.639" endtime="20220214 17:32:20.729"/>
</suite>
<statistics>
<total>
<stat pass="4" fail="0" skip="0">All Tests</stat>
</total>
<tag>
</tag>
<suite>
<stat pass="4" fail="0" skip="0" id="s1" name="Verify Invalid">Verify Invalid</stat>
</suite>
</statistics>
<errors>
</errors>
</robot>
